{"C:\\Users\\Box\\Desktop\\Projects\\simpsons\\App.js": {"path":"C:\\Users\\Box\\Desktop\\Projects\\simpsons\\App.js","statementMap":{"0":{"start":{"line":7,"column":12},"end":{"line":15,"column":1}},"1":{"start":{"line":8,"column":2},"end":{"line":14,"column":4}}},"fnMap":{"0":{"name":"(anonymous_0)","decl":{"start":{"line":7,"column":12},"end":{"line":7,"column":13}},"loc":{"start":{"line":7,"column":18},"end":{"line":15,"column":1}},"line":7}},"branchMap":{},"s":{"0":1,"1":1},"f":{"0":1},"b":{},"_coverageSchema":"1a1c01bbd47fc00a2c39e90264f33305004495a9","hash":"5f7fad6f06d30288ca3739a52ab4d1f04a64318a"}
,"C:\\Users\\Box\\Desktop\\Projects\\simpsons\\assets\\down-arrow.png": {"path":"C:\\Users\\Box\\Desktop\\Projects\\simpsons\\assets\\down-arrow.png","statementMap":{"0":{"start":{"line":1,"column":0},"end":{"line":4,"column":6}}},"fnMap":{},"branchMap":{},"s":{"0":3},"f":{},"b":{},"inputSourceMap":null,"_coverageSchema":"1a1c01bbd47fc00a2c39e90264f33305004495a9","hash":"5676f06c55271f689dfd47b7efef17d355384a9e"}
,"C:\\Users\\Box\\Desktop\\Projects\\simpsons\\assets\\trash.png": {"path":"C:\\Users\\Box\\Desktop\\Projects\\simpsons\\assets\\trash.png","statementMap":{"0":{"start":{"line":1,"column":0},"end":{"line":4,"column":6}}},"fnMap":{},"branchMap":{},"s":{"0":3},"f":{},"b":{},"inputSourceMap":null,"_coverageSchema":"1a1c01bbd47fc00a2c39e90264f33305004495a9","hash":"8e4b61bd286d1d02b803850e20fa60d311f2a221"}
,"C:\\Users\\Box\\Desktop\\Projects\\simpsons\\assets\\up-arrow.png": {"path":"C:\\Users\\Box\\Desktop\\Projects\\simpsons\\assets\\up-arrow.png","statementMap":{"0":{"start":{"line":1,"column":0},"end":{"line":4,"column":6}}},"fnMap":{},"branchMap":{},"s":{"0":3},"f":{},"b":{},"inputSourceMap":null,"_coverageSchema":"1a1c01bbd47fc00a2c39e90264f33305004495a9","hash":"e30e5cb0f2efc2b5d4f090397435f660b08eaed3"}
,"C:\\Users\\Box\\Desktop\\Projects\\simpsons\\src\\Main.js": {"path":"C:\\Users\\Box\\Desktop\\Projects\\simpsons\\src\\Main.js","statementMap":{"0":{"start":{"line":8,"column":14},"end":{"line":8,"column":42}},"1":{"start":{"line":11,"column":2},"end":{"line":30,"column":4}}},"fnMap":{"0":{"name":"Main","decl":{"start":{"line":10,"column":24},"end":{"line":10,"column":28}},"loc":{"start":{"line":10,"column":31},"end":{"line":31,"column":1}},"line":10}},"branchMap":{},"s":{"0":2,"1":2},"f":{"0":2},"b":{},"_coverageSchema":"1a1c01bbd47fc00a2c39e90264f33305004495a9","hash":"a3dfd8e36545b00cb29abe5b3fcfe084bb3cc6b4"}
,"C:\\Users\\Box\\Desktop\\Projects\\simpsons\\src\\contexts\\SimpsonsContext.js": {"path":"C:\\Users\\Box\\Desktop\\Projects\\simpsons\\src\\contexts\\SimpsonsContext.js","statementMap":{"0":{"start":{"line":7,"column":27},"end":{"line":7,"column":42}},"1":{"start":{"line":9,"column":32},"end":{"line":109,"column":1}},"2":{"start":{"line":10,"column":42},"end":{"line":10,"column":54}},"3":{"start":{"line":11,"column":2},"end":{"line":13,"column":9}},"4":{"start":{"line":12,"column":4},"end":{"line":12,"column":22}},"5":{"start":{"line":15,"column":2},"end":{"line":17,"column":21}},"6":{"start":{"line":16,"column":4},"end":{"line":16,"column":36}},"7":{"start":{"line":20,"column":26},"end":{"line":30,"column":3}},"8":{"start":{"line":22,"column":22},"end":{"line":22,"column":64}},"9":{"start":{"line":23,"column":4},"end":{"line":29,"column":5}},"10":{"start":{"line":24,"column":6},"end":{"line":24,"column":38}},"11":{"start":{"line":25,"column":6},"end":{"line":25,"column":45}},"12":{"start":{"line":27,"column":6},"end":{"line":27,"column":63}},"13":{"start":{"line":28,"column":6},"end":{"line":28,"column":43}},"14":{"start":{"line":33,"column":28},"end":{"line":36,"column":3}},"15":{"start":{"line":34,"column":22},"end":{"line":34,"column":43}},"16":{"start":{"line":35,"column":4},"end":{"line":35,"column":58}},"17":{"start":{"line":38,"column":24},"end":{"line":52,"column":3}},"18":{"start":{"line":40,"column":21},"end":{"line":40,"column":38}},"19":{"start":{"line":42,"column":4},"end":{"line":49,"column":7}},"20":{"start":{"line":43,"column":6},"end":{"line":48,"column":7}},"21":{"start":{"line":44,"column":8},"end":{"line":47,"column":9}},"22":{"start":{"line":45,"column":10},"end":{"line":45,"column":64}},"23":{"start":{"line":46,"column":10},"end":{"line":46,"column":72}},"24":{"start":{"line":51,"column":4},"end":{"line":51,"column":52}},"25":{"start":{"line":55,"column":21},"end":{"line":55,"column":38}},"26":{"start":{"line":56,"column":4},"end":{"line":63,"column":7}},"27":{"start":{"line":57,"column":6},"end":{"line":62,"column":7}},"28":{"start":{"line":58,"column":8},"end":{"line":61,"column":9}},"29":{"start":{"line":59,"column":10},"end":{"line":59,"column":64}},"30":{"start":{"line":60,"column":10},"end":{"line":60,"column":72}},"31":{"start":{"line":64,"column":4},"end":{"line":64,"column":52}},"32":{"start":{"line":67,"column":18},"end":{"line":73,"column":3}},"33":{"start":{"line":69,"column":4},"end":{"line":69,"column":62}},"34":{"start":{"line":70,"column":4},"end":{"line":70,"column":51}},"35":{"start":{"line":72,"column":4},"end":{"line":72,"column":58}},"36":{"start":{"line":72,"column":33},"end":{"line":72,"column":56}},"37":{"start":{"line":75,"column":21},"end":{"line":86,"column":3}},"38":{"start":{"line":76,"column":19},"end":{"line":76,"column":36}},"39":{"start":{"line":78,"column":4},"end":{"line":80,"column":7}},"40":{"start":{"line":79,"column":6},"end":{"line":79,"column":31}},"41":{"start":{"line":83,"column":4},"end":{"line":85,"column":5}},"42":{"start":{"line":84,"column":6},"end":{"line":84,"column":54}},"43":{"start":{"line":88,"column":21},"end":{"line":94,"column":3}},"44":{"start":{"line":89,"column":34},"end":{"line":91,"column":5}},"45":{"start":{"line":90,"column":6},"end":{"line":90,"column":43}},"46":{"start":{"line":93,"column":4},"end":{"line":93,"column":28}},"47":{"start":{"line":96,"column":2},"end":{"line":108,"column":4}},"48":{"start":{"line":111,"column":32},"end":{"line":111,"column":61}},"49":{"start":{"line":111,"column":38},"end":{"line":111,"column":61}}},"fnMap":{"0":{"name":"(anonymous_0)","decl":{"start":{"line":9,"column":32},"end":{"line":9,"column":33}},"loc":{"start":{"line":9,"column":48},"end":{"line":109,"column":1}},"line":9},"1":{"name":"(anonymous_1)","decl":{"start":{"line":11,"column":12},"end":{"line":11,"column":13}},"loc":{"start":{"line":11,"column":18},"end":{"line":13,"column":3}},"line":11},"2":{"name":"(anonymous_2)","decl":{"start":{"line":15,"column":12},"end":{"line":15,"column":13}},"loc":{"start":{"line":15,"column":18},"end":{"line":17,"column":3}},"line":15},"3":{"name":"(anonymous_3)","decl":{"start":{"line":20,"column":26},"end":{"line":20,"column":27}},"loc":{"start":{"line":20,"column":38},"end":{"line":30,"column":3}},"line":20},"4":{"name":"(anonymous_4)","decl":{"start":{"line":33,"column":28},"end":{"line":33,"column":29}},"loc":{"start":{"line":33,"column":43},"end":{"line":36,"column":3}},"line":33},"5":{"name":"(anonymous_5)","decl":{"start":{"line":38,"column":24},"end":{"line":38,"column":25}},"loc":{"start":{"line":38,"column":30},"end":{"line":52,"column":3}},"line":38},"6":{"name":"(anonymous_6)","decl":{"start":{"line":42,"column":17},"end":{"line":42,"column":18}},"loc":{"start":{"line":42,"column":37},"end":{"line":49,"column":5}},"line":42},"7":{"name":"decrementItem","decl":{"start":{"line":54,"column":11},"end":{"line":54,"column":24}},"loc":{"start":{"line":54,"column":29},"end":{"line":65,"column":3}},"line":54},"8":{"name":"(anonymous_8)","decl":{"start":{"line":56,"column":21},"end":{"line":56,"column":22}},"loc":{"start":{"line":56,"column":41},"end":{"line":63,"column":5}},"line":56},"9":{"name":"(anonymous_9)","decl":{"start":{"line":67,"column":18},"end":{"line":67,"column":19}},"loc":{"start":{"line":67,"column":29},"end":{"line":73,"column":3}},"line":67},"10":{"name":"(anonymous_10)","decl":{"start":{"line":72,"column":20},"end":{"line":72,"column":21}},"loc":{"start":{"line":72,"column":33},"end":{"line":72,"column":56}},"line":72},"11":{"name":"(anonymous_11)","decl":{"start":{"line":75,"column":21},"end":{"line":75,"column":22}},"loc":{"start":{"line":75,"column":27},"end":{"line":86,"column":3}},"line":75},"12":{"name":"(anonymous_12)","decl":{"start":{"line":78,"column":31},"end":{"line":78,"column":32}},"loc":{"start":{"line":78,"column":42},"end":{"line":80,"column":5}},"line":78},"13":{"name":"(anonymous_13)","decl":{"start":{"line":88,"column":21},"end":{"line":88,"column":22}},"loc":{"start":{"line":88,"column":27},"end":{"line":94,"column":3}},"line":88},"14":{"name":"(anonymous_14)","decl":{"start":{"line":89,"column":34},"end":{"line":89,"column":35}},"loc":{"start":{"line":89,"column":46},"end":{"line":91,"column":5}},"line":89},"15":{"name":"(anonymous_15)","decl":{"start":{"line":111,"column":32},"end":{"line":111,"column":33}},"loc":{"start":{"line":111,"column":38},"end":{"line":111,"column":61}},"line":111}},"branchMap":{"0":{"loc":{"start":{"line":23,"column":4},"end":{"line":29,"column":5}},"type":"if","locations":[{"start":{"line":23,"column":4},"end":{"line":29,"column":5}},{"start":{"line":26,"column":11},"end":{"line":29,"column":5}}],"line":23},"1":{"loc":{"start":{"line":43,"column":6},"end":{"line":48,"column":7}},"type":"if","locations":[{"start":{"line":43,"column":6},"end":{"line":48,"column":7}},{"start":{},"end":{}}],"line":43},"2":{"loc":{"start":{"line":44,"column":8},"end":{"line":47,"column":9}},"type":"if","locations":[{"start":{"line":44,"column":8},"end":{"line":47,"column":9}},{"start":{},"end":{}}],"line":44},"3":{"loc":{"start":{"line":57,"column":6},"end":{"line":62,"column":7}},"type":"if","locations":[{"start":{"line":57,"column":6},"end":{"line":62,"column":7}},{"start":{},"end":{}}],"line":57},"4":{"loc":{"start":{"line":58,"column":8},"end":{"line":61,"column":9}},"type":"if","locations":[{"start":{"line":58,"column":8},"end":{"line":61,"column":9}},{"start":{},"end":{}}],"line":58},"5":{"loc":{"start":{"line":83,"column":4},"end":{"line":85,"column":5}},"type":"if","locations":[{"start":{"line":83,"column":4},"end":{"line":85,"column":5}},{"start":{},"end":{}}],"line":83}},"s":{"0":5,"1":5,"2":20,"3":20,"4":12,"5":20,"6":20,"7":20,"8":12,"9":12,"10":7,"11":7,"12":5,"13":5,"14":20,"15":20,"16":20,"17":20,"18":1,"19":1,"20":0,"21":0,"22":0,"23":0,"24":1,"25":1,"26":1,"27":0,"28":0,"29":0,"30":0,"31":1,"32":20,"33":0,"34":0,"35":0,"36":0,"37":20,"38":1,"39":1,"40":0,"41":1,"42":1,"43":20,"44":0,"45":0,"46":0,"47":20,"48":5,"49":20},"f":{"0":20,"1":12,"2":20,"3":12,"4":20,"5":1,"6":0,"7":1,"8":0,"9":0,"10":0,"11":1,"12":0,"13":0,"14":0,"15":20},"b":{"0":[7,5],"1":[0,0],"2":[0,0],"3":[0,0],"4":[0,0],"5":[1,0]},"_coverageSchema":"1a1c01bbd47fc00a2c39e90264f33305004495a9","hash":"0ce659235d8fd3a78db53d6c205a965edc6e6850"}
,"C:\\Users\\Box\\Desktop\\Projects\\simpsons\\src\\helpers\\connections.js": {"path":"C:\\Users\\Box\\Desktop\\Projects\\simpsons\\src\\helpers\\connections.js","statementMap":{"0":{"start":{"line":5,"column":2},"end":{"line":5,"column":56}},"1":{"start":{"line":7,"column":27},"end":{"line":20,"column":1}},"2":{"start":{"line":8,"column":2},"end":{"line":19,"column":5}},"3":{"start":{"line":9,"column":4},"end":{"line":18,"column":9}},"4":{"start":{"line":12,"column":29},"end":{"line":12,"column":58}},"5":{"start":{"line":13,"column":28},"end":{"line":13,"column":62}},"6":{"start":{"line":14,"column":8},"end":{"line":14,"column":29}},"7":{"start":{"line":17,"column":8},"end":{"line":17,"column":20}}},"fnMap":{"0":{"name":"(anonymous_0)","decl":{"start":{"line":7,"column":27},"end":{"line":7,"column":28}},"loc":{"start":{"line":7,"column":39},"end":{"line":20,"column":1}},"line":7},"1":{"name":"(anonymous_1)","decl":{"start":{"line":8,"column":21},"end":{"line":8,"column":22}},"loc":{"start":{"line":8,"column":42},"end":{"line":19,"column":3}},"line":8},"2":{"name":"(anonymous_2)","decl":{"start":{"line":11,"column":12},"end":{"line":11,"column":13}},"loc":{"start":{"line":11,"column":19},"end":{"line":15,"column":7}},"line":11},"3":{"name":"(anonymous_3)","decl":{"start":{"line":16,"column":13},"end":{"line":16,"column":14}},"loc":{"start":{"line":16,"column":20},"end":{"line":18,"column":7}},"line":16}},"branchMap":{},"s":{"0":5,"1":5,"2":5,"3":5,"4":0,"5":0,"6":0,"7":0},"f":{"0":5,"1":5,"2":0,"3":0},"b":{},"_coverageSchema":"1a1c01bbd47fc00a2c39e90264f33305004495a9","hash":"e53c901f2ebec8e06132f180bbacac8fdb4a3f1c"}
,"C:\\Users\\Box\\Desktop\\Projects\\simpsons\\src\\helpers\\funtions.js": {"path":"C:\\Users\\Box\\Desktop\\Projects\\simpsons\\src\\helpers\\funtions.js","statementMap":{"0":{"start":{"line":1,"column":35},"end":{"line":7,"column":1}},"1":{"start":{"line":2,"column":23},"end":{"line":5,"column":5}},"2":{"start":{"line":2,"column":53},"end":{"line":5,"column":3}},"3":{"start":{"line":6,"column":2},"end":{"line":6,"column":22}},"4":{"start":{"line":9,"column":36},"end":{"line":12,"column":1}},"5":{"start":{"line":10,"column":22},"end":{"line":10,"column":78}},"6":{"start":{"line":10,"column":56},"end":{"line":10,"column":77}},"7":{"start":{"line":11,"column":2},"end":{"line":11,"column":21}},"8":{"start":{"line":14,"column":34},"end":{"line":24,"column":1}},"9":{"start":{"line":15,"column":25},"end":{"line":20,"column":4}},"10":{"start":{"line":17,"column":4},"end":{"line":19,"column":5}},"11":{"start":{"line":18,"column":6},"end":{"line":18,"column":29}},"12":{"start":{"line":21,"column":2},"end":{"line":21,"column":14}}},"fnMap":{"0":{"name":"(anonymous_0)","decl":{"start":{"line":1,"column":35},"end":{"line":1,"column":36}},"loc":{"start":{"line":1,"column":52},"end":{"line":7,"column":1}},"line":1},"1":{"name":"(anonymous_1)","decl":{"start":{"line":2,"column":41},"end":{"line":2,"column":42}},"loc":{"start":{"line":2,"column":53},"end":{"line":5,"column":3}},"line":2},"2":{"name":"(anonymous_2)","decl":{"start":{"line":9,"column":36},"end":{"line":9,"column":37}},"loc":{"start":{"line":9,"column":53},"end":{"line":12,"column":1}},"line":9},"3":{"name":"(anonymous_3)","decl":{"start":{"line":10,"column":46},"end":{"line":10,"column":47}},"loc":{"start":{"line":10,"column":56},"end":{"line":10,"column":77}},"line":10},"4":{"name":"(anonymous_4)","decl":{"start":{"line":14,"column":34},"end":{"line":14,"column":35}},"loc":{"start":{"line":14,"column":51},"end":{"line":24,"column":1}},"line":14},"5":{"name":"(anonymous_5)","decl":{"start":{"line":15,"column":43},"end":{"line":15,"column":44}},"loc":{"start":{"line":15,"column":58},"end":{"line":20,"column":3}},"line":15}},"branchMap":{"0":{"loc":{"start":{"line":17,"column":4},"end":{"line":19,"column":5}},"type":"if","locations":[{"start":{"line":17,"column":4},"end":{"line":19,"column":5}},{"start":{},"end":{}}],"line":17}},"s":{"0":5,"1":0,"2":0,"3":0,"4":5,"5":3,"6":0,"7":3,"8":5,"9":1,"10":0,"11":0,"12":1},"f":{"0":0,"1":0,"2":3,"3":0,"4":1,"5":0},"b":{"0":[0,0]},"_coverageSchema":"1a1c01bbd47fc00a2c39e90264f33305004495a9","hash":"b53e15626edfb88e4a3c62143ad7ff4693c4a95a"}
,"C:\\Users\\Box\\Desktop\\Projects\\simpsons\\src\\views\\detailScreen\\DetailScreen.js": {"path":"C:\\Users\\Box\\Desktop\\Projects\\simpsons\\src\\views\\detailScreen\\DetailScreen.js","statementMap":{"0":{"start":{"line":6,"column":38},"end":{"line":6,"column":50}},"1":{"start":{"line":8,"column":19},"end":{"line":8,"column":31}},"2":{"start":{"line":9,"column":25},"end":{"line":9,"column":43}},"3":{"start":{"line":11,"column":2},"end":{"line":17,"column":29}},"4":{"start":{"line":12,"column":17},"end":{"line":12,"column":76}},"5":{"start":{"line":12,"column":43},"end":{"line":12,"column":75}},"6":{"start":{"line":14,"column":4},"end":{"line":16,"column":5}},"7":{"start":{"line":15,"column":6},"end":{"line":15,"column":26}},"8":{"start":{"line":19,"column":2},"end":{"line":25,"column":3}},"9":{"start":{"line":20,"column":4},"end":{"line":24,"column":6}},"10":{"start":{"line":27,"column":2},"end":{"line":38,"column":4}},"11":{"start":{"line":41,"column":15},"end":{"line":67,"column":2}}},"fnMap":{"0":{"name":"DetailScreen","decl":{"start":{"line":5,"column":24},"end":{"line":5,"column":36}},"loc":{"start":{"line":5,"column":46},"end":{"line":39,"column":1}},"line":5},"1":{"name":"(anonymous_1)","decl":{"start":{"line":11,"column":12},"end":{"line":11,"column":13}},"loc":{"start":{"line":11,"column":18},"end":{"line":17,"column":3}},"line":11},"2":{"name":"(anonymous_2)","decl":{"start":{"line":12,"column":37},"end":{"line":12,"column":38}},"loc":{"start":{"line":12,"column":43},"end":{"line":12,"column":75}},"line":12}},"branchMap":{"0":{"loc":{"start":{"line":14,"column":4},"end":{"line":16,"column":5}},"type":"if","locations":[{"start":{"line":14,"column":4},"end":{"line":16,"column":5}},{"start":{},"end":{}}],"line":14},"1":{"loc":{"start":{"line":19,"column":2},"end":{"line":25,"column":3}},"type":"if","locations":[{"start":{"line":19,"column":2},"end":{"line":25,"column":3}},{"start":{},"end":{}}],"line":19}},"s":{"0":1,"1":1,"2":1,"3":1,"4":1,"5":0,"6":1,"7":0,"8":1,"9":1,"10":0,"11":3},"f":{"0":1,"1":1,"2":0},"b":{"0":[0,1],"1":[1,0]},"_coverageSchema":"1a1c01bbd47fc00a2c39e90264f33305004495a9","hash":"ffbc4ab464aa82d5236d7037925436cfde252a15"}
,"C:\\Users\\Box\\Desktop\\Projects\\simpsons\\src\\views\\listScreen\\ListScreen.js": {"path":"C:\\Users\\Box\\Desktop\\Projects\\simpsons\\src\\views\\listScreen\\ListScreen.js","statementMap":{"0":{"start":{"line":16,"column":37},"end":{"line":16,"column":55}},"1":{"start":{"line":17,"column":14},"end":{"line":17,"column":29}},"2":{"start":{"line":20,"column":2},"end":{"line":31,"column":3}},"3":{"start":{"line":21,"column":4},"end":{"line":30,"column":6}},"4":{"start":{"line":23,"column":59},"end":{"line":23,"column":71}},"5":{"start":{"line":33,"column":2},"end":{"line":46,"column":4}},"6":{"start":{"line":38,"column":32},"end":{"line":38,"column":58}},"7":{"start":{"line":42,"column":23},"end":{"line":42,"column":48}},"8":{"start":{"line":49,"column":15},"end":{"line":75,"column":2}}},"fnMap":{"0":{"name":"ListScreen","decl":{"start":{"line":15,"column":24},"end":{"line":15,"column":34}},"loc":{"start":{"line":15,"column":37},"end":{"line":47,"column":1}},"line":15},"1":{"name":"(anonymous_1)","decl":{"start":{"line":23,"column":53},"end":{"line":23,"column":54}},"loc":{"start":{"line":23,"column":59},"end":{"line":23,"column":71}},"line":23},"2":{"name":"(anonymous_2)","decl":{"start":{"line":38,"column":20},"end":{"line":38,"column":21}},"loc":{"start":{"line":38,"column":32},"end":{"line":38,"column":58}},"line":38},"3":{"name":"(anonymous_3)","decl":{"start":{"line":42,"column":17},"end":{"line":42,"column":18}},"loc":{"start":{"line":42,"column":23},"end":{"line":42,"column":48}},"line":42}},"branchMap":{"0":{"loc":{"start":{"line":20,"column":2},"end":{"line":31,"column":3}},"type":"if","locations":[{"start":{"line":20,"column":2},"end":{"line":31,"column":3}},{"start":{},"end":{}}],"line":20}},"s":{"0":2,"1":2,"2":2,"3":2,"4":0,"5":0,"6":0,"7":0,"8":2},"f":{"0":2,"1":0,"2":0,"3":0},"b":{"0":[2,0]},"_coverageSchema":"1a1c01bbd47fc00a2c39e90264f33305004495a9","hash":"d3f995dbe807cbf541ecaeb3a7da9c23d487d7e6"}
,"C:\\Users\\Box\\Desktop\\Projects\\simpsons\\src\\views\\listScreen\\singleItem\\SingleItem.js": {"path":"C:\\Users\\Box\\Desktop\\Projects\\simpsons\\src\\views\\listScreen\\singleItem\\SingleItem.js","statementMap":{"0":{"start":{"line":9,"column":19},"end":{"line":68,"column":1}},"1":{"start":{"line":10,"column":53},"end":{"line":10,"column":71}},"2":{"start":{"line":11,"column":14},"end":{"line":11,"column":29}},"3":{"start":{"line":13,"column":2},"end":{"line":67,"column":4}},"4":{"start":{"line":18,"column":8},"end":{"line":18,"column":73}},"5":{"start":{"line":35,"column":12},"end":{"line":35,"column":35}},"6":{"start":{"line":46,"column":12},"end":{"line":46,"column":35}},"7":{"start":{"line":57,"column":12},"end":{"line":57,"column":32}},"8":{"start":{"line":72,"column":15},"end":{"line":93,"column":2}}},"fnMap":{"0":{"name":"(anonymous_0)","decl":{"start":{"line":9,"column":19},"end":{"line":9,"column":20}},"loc":{"start":{"line":9,"column":31},"end":{"line":68,"column":1}},"line":9},"1":{"name":"(anonymous_1)","decl":{"start":{"line":17,"column":15},"end":{"line":17,"column":16}},"loc":{"start":{"line":17,"column":21},"end":{"line":19,"column":7}},"line":17},"2":{"name":"(anonymous_2)","decl":{"start":{"line":34,"column":19},"end":{"line":34,"column":20}},"loc":{"start":{"line":34,"column":25},"end":{"line":36,"column":11}},"line":34},"3":{"name":"(anonymous_3)","decl":{"start":{"line":45,"column":19},"end":{"line":45,"column":20}},"loc":{"start":{"line":45,"column":25},"end":{"line":47,"column":11}},"line":45},"4":{"name":"(anonymous_4)","decl":{"start":{"line":56,"column":19},"end":{"line":56,"column":20}},"loc":{"start":{"line":56,"column":25},"end":{"line":58,"column":11}},"line":56}},"branchMap":{},"s":{"0":3,"1":14,"2":14,"3":14,"4":0,"5":1,"6":1,"7":1,"8":3},"f":{"0":14,"1":0,"2":1,"3":1,"4":1},"b":{},"_coverageSchema":"1a1c01bbd47fc00a2c39e90264f33305004495a9","hash":"51f0b34b2c53aac5b33f548ffbbbf7c84bf587c1"}
,"C:\\Users\\Box\\Desktop\\Projects\\simpsons\\src\\views\\newScreen\\NewScreen.js": {"path":"C:\\Users\\Box\\Desktop\\Projects\\simpsons\\src\\views\\newScreen\\NewScreen.js","statementMap":{"0":{"start":{"line":9,"column":20},"end":{"line":9,"column":38}},"1":{"start":{"line":10,"column":14},"end":{"line":10,"column":29}},"2":{"start":{"line":16,"column":6},"end":{"line":16,"column":15}},"3":{"start":{"line":18,"column":19},"end":{"line":21,"column":3}},"4":{"start":{"line":19,"column":4},"end":{"line":19,"column":18}},"5":{"start":{"line":20,"column":4},"end":{"line":20,"column":17}},"6":{"start":{"line":23,"column":2},"end":{"line":92,"column":4}},"7":{"start":{"line":32,"column":10},"end":{"line":38,"column":12}},"8":{"start":{"line":37,"column":35},"end":{"line":37,"column":50}},"9":{"start":{"line":47,"column":10},"end":{"line":53,"column":12}},"10":{"start":{"line":52,"column":35},"end":{"line":52,"column":50}},"11":{"start":{"line":60,"column":10},"end":{"line":68,"column":12}},"12":{"start":{"line":67,"column":35},"end":{"line":67,"column":50}},"13":{"start":{"line":75,"column":10},"end":{"line":81,"column":12}},"14":{"start":{"line":80,"column":35},"end":{"line":80,"column":50}},"15":{"start":{"line":95,"column":15},"end":{"line":120,"column":2}}},"fnMap":{"0":{"name":"NewScreen","decl":{"start":{"line":8,"column":24},"end":{"line":8,"column":33}},"loc":{"start":{"line":8,"column":36},"end":{"line":93,"column":1}},"line":8},"1":{"name":"(anonymous_1)","decl":{"start":{"line":18,"column":19},"end":{"line":18,"column":20}},"loc":{"start":{"line":18,"column":27},"end":{"line":21,"column":3}},"line":18},"2":{"name":"(anonymous_2)","decl":{"start":{"line":31,"column":16},"end":{"line":31,"column":17}},"loc":{"start":{"line":32,"column":10},"end":{"line":38,"column":12}},"line":32},"3":{"name":"(anonymous_3)","decl":{"start":{"line":37,"column":26},"end":{"line":37,"column":27}},"loc":{"start":{"line":37,"column":35},"end":{"line":37,"column":50}},"line":37},"4":{"name":"(anonymous_4)","decl":{"start":{"line":46,"column":16},"end":{"line":46,"column":17}},"loc":{"start":{"line":47,"column":10},"end":{"line":53,"column":12}},"line":47},"5":{"name":"(anonymous_5)","decl":{"start":{"line":52,"column":26},"end":{"line":52,"column":27}},"loc":{"start":{"line":52,"column":35},"end":{"line":52,"column":50}},"line":52},"6":{"name":"(anonymous_6)","decl":{"start":{"line":59,"column":16},"end":{"line":59,"column":17}},"loc":{"start":{"line":60,"column":10},"end":{"line":68,"column":12}},"line":60},"7":{"name":"(anonymous_7)","decl":{"start":{"line":67,"column":26},"end":{"line":67,"column":27}},"loc":{"start":{"line":67,"column":35},"end":{"line":67,"column":50}},"line":67},"8":{"name":"(anonymous_8)","decl":{"start":{"line":74,"column":16},"end":{"line":74,"column":17}},"loc":{"start":{"line":75,"column":10},"end":{"line":81,"column":12}},"line":75},"9":{"name":"(anonymous_9)","decl":{"start":{"line":80,"column":26},"end":{"line":80,"column":27}},"loc":{"start":{"line":80,"column":35},"end":{"line":80,"column":50}},"line":80}},"branchMap":{"0":{"loc":{"start":{"line":41,"column":7},"end":{"line":41,"column":77}},"type":"binary-expr","locations":[{"start":{"line":41,"column":7},"end":{"line":41,"column":18}},{"start":{"line":41,"column":22},"end":{"line":41,"column":77}}],"line":41}},"s":{"0":3,"1":3,"2":3,"3":3,"4":0,"5":0,"6":3,"7":3,"8":0,"9":3,"10":0,"11":3,"12":0,"13":3,"14":0,"15":3},"f":{"0":3,"1":0,"2":3,"3":0,"4":3,"5":0,"6":3,"7":0,"8":3,"9":0},"b":{"0":[3,0]},"_coverageSchema":"1a1c01bbd47fc00a2c39e90264f33305004495a9","hash":"ed7da512d731813fd8b0974a8db7ee0ea8416cbc"}
}
