TN:
SF:App.js
FN:7,(anonymous_0)
FNF:1
FNH:1
FNDA:1,(anonymous_0)
DA:7,1
DA:8,1
LF:2
LH:2
BRF:0
BRH:0
end_of_record
TN:
SF:assets\down-arrow.png
FNF:0
FNH:0
DA:1,3
LF:1
LH:1
BRF:0
BRH:0
end_of_record
TN:
SF:assets\trash.png
FNF:0
FNH:0
DA:1,3
LF:1
LH:1
BRF:0
BRH:0
end_of_record
TN:
SF:assets\up-arrow.png
FNF:0
FNH:0
DA:1,3
LF:1
LH:1
BRF:0
BRH:0
end_of_record
TN:
SF:src\Main.js
FN:10,Main
FNF:1
FNH:1
FNDA:2,Main
DA:8,2
DA:11,2
LF:2
LH:2
BRF:0
BRH:0
end_of_record
TN:
SF:src\contexts\SimpsonsContext.js
FN:9,(anonymous_0)
FN:11,(anonymous_1)
FN:15,(anonymous_2)
FN:20,(anonymous_3)
FN:33,(anonymous_4)
FN:38,(anonymous_5)
FN:42,(anonymous_6)
FN:54,decrementItem
FN:56,(anonymous_8)
FN:67,(anonymous_9)
FN:72,(anonymous_10)
FN:75,(anonymous_11)
FN:78,(anonymous_12)
FN:88,(anonymous_13)
FN:89,(anonymous_14)
FN:111,(anonymous_15)
FNF:16
FNH:9
FNDA:20,(anonymous_0)
FNDA:12,(anonymous_1)
FNDA:20,(anonymous_2)
FNDA:12,(anonymous_3)
FNDA:20,(anonymous_4)
FNDA:1,(anonymous_5)
FNDA:0,(anonymous_6)
FNDA:1,decrementItem
FNDA:0,(anonymous_8)
FNDA:0,(anonymous_9)
FNDA:0,(anonymous_10)
FNDA:1,(anonymous_11)
FNDA:0,(anonymous_12)
FNDA:0,(anonymous_13)
FNDA:0,(anonymous_14)
FNDA:20,(anonymous_15)
DA:7,5
DA:9,5
DA:10,20
DA:11,20
DA:12,12
DA:15,20
DA:16,20
DA:20,20
DA:22,12
DA:23,12
DA:24,7
DA:25,7
DA:27,5
DA:28,5
DA:33,20
DA:34,20
DA:35,20
DA:38,20
DA:40,1
DA:42,1
DA:43,0
DA:44,0
DA:45,0
DA:46,0
DA:51,1
DA:55,1
DA:56,1
DA:57,0
DA:58,0
DA:59,0
DA:60,0
DA:64,1
DA:67,20
DA:69,0
DA:70,0
DA:72,0
DA:75,20
DA:76,1
DA:78,1
DA:79,0
DA:83,1
DA:84,1
DA:88,20
DA:89,0
DA:90,0
DA:93,0
DA:96,20
DA:111,20
LF:48
LH:33
BRDA:23,0,0,7
BRDA:23,0,1,5
BRDA:43,1,0,0
BRDA:43,1,1,0
BRDA:44,2,0,0
BRDA:44,2,1,0
BRDA:57,3,0,0
BRDA:57,3,1,0
BRDA:58,4,0,0
BRDA:58,4,1,0
BRDA:83,5,0,1
BRDA:83,5,1,0
BRF:12
BRH:3
end_of_record
TN:
SF:src\helpers\connections.js
FN:7,(anonymous_0)
FN:8,(anonymous_1)
FN:11,(anonymous_2)
FN:16,(anonymous_3)
FNF:4
FNH:2
FNDA:5,(anonymous_0)
FNDA:5,(anonymous_1)
FNDA:0,(anonymous_2)
FNDA:0,(anonymous_3)
DA:5,5
DA:7,5
DA:8,5
DA:9,5
DA:12,0
DA:13,0
DA:14,0
DA:17,0
LF:8
LH:4
BRF:0
BRH:0
end_of_record
TN:
SF:src\helpers\funtions.js
FN:1,(anonymous_0)
FN:2,(anonymous_1)
FN:9,(anonymous_2)
FN:10,(anonymous_3)
FN:14,(anonymous_4)
FN:15,(anonymous_5)
FNF:6
FNH:2
FNDA:0,(anonymous_0)
FNDA:0,(anonymous_1)
FNDA:3,(anonymous_2)
FNDA:0,(anonymous_3)
FNDA:1,(anonymous_4)
FNDA:0,(anonymous_5)
DA:1,5
DA:2,0
DA:6,0
DA:9,5
DA:10,3
DA:11,3
DA:14,5
DA:15,1
DA:17,0
DA:18,0
DA:21,1
LF:11
LH:7
BRDA:17,0,0,0
BRDA:17,0,1,0
BRF:2
BRH:0
end_of_record
TN:
SF:src\views\detailScreen\DetailScreen.js
FN:5,DetailScreen
FN:11,(anonymous_1)
FN:12,(anonymous_2)
FNF:3
FNH:2
FNDA:1,DetailScreen
FNDA:1,(anonymous_1)
FNDA:0,(anonymous_2)
DA:6,1
DA:8,1
DA:9,1
DA:11,1
DA:12,1
DA:14,1
DA:15,0
DA:19,1
DA:20,1
DA:27,0
DA:41,3
LF:11
LH:9
BRDA:14,0,0,0
BRDA:14,0,1,1
BRDA:19,1,0,1
BRDA:19,1,1,0
BRF:4
BRH:2
end_of_record
TN:
SF:src\views\listScreen\ListScreen.js
FN:15,ListScreen
FN:23,(anonymous_1)
FN:38,(anonymous_2)
FN:42,(anonymous_3)
FNF:4
FNH:1
FNDA:2,ListScreen
FNDA:0,(anonymous_1)
FNDA:0,(anonymous_2)
FNDA:0,(anonymous_3)
DA:16,2
DA:17,2
DA:20,2
DA:21,2
DA:23,0
DA:33,0
DA:38,0
DA:42,0
DA:49,2
LF:9
LH:5
BRDA:20,0,0,2
BRDA:20,0,1,0
BRF:2
BRH:1
end_of_record
TN:
SF:src\views\listScreen\singleItem\SingleItem.js
FN:9,(anonymous_0)
FN:17,(anonymous_1)
FN:34,(anonymous_2)
FN:45,(anonymous_3)
FN:56,(anonymous_4)
FNF:5
FNH:4
FNDA:14,(anonymous_0)
FNDA:0,(anonymous_1)
FNDA:1,(anonymous_2)
FNDA:1,(anonymous_3)
FNDA:1,(anonymous_4)
DA:9,3
DA:10,14
DA:11,14
DA:13,14
DA:18,0
DA:35,1
DA:46,1
DA:57,1
DA:72,3
LF:9
LH:8
BRF:0
BRH:0
end_of_record
TN:
SF:src\views\newScreen\NewScreen.js
FN:8,NewScreen
FN:18,(anonymous_1)
FN:31,(anonymous_2)
FN:37,(anonymous_3)
FN:46,(anonymous_4)
FN:52,(anonymous_5)
FN:59,(anonymous_6)
FN:67,(anonymous_7)
FN:74,(anonymous_8)
FN:80,(anonymous_9)
FNF:10
FNH:5
FNDA:3,NewScreen
FNDA:0,(anonymous_1)
FNDA:3,(anonymous_2)
FNDA:0,(anonymous_3)
FNDA:3,(anonymous_4)
FNDA:0,(anonymous_5)
FNDA:3,(anonymous_6)
FNDA:0,(anonymous_7)
FNDA:3,(anonymous_8)
FNDA:0,(anonymous_9)
DA:9,3
DA:10,3
DA:16,3
DA:18,3
DA:19,0
DA:20,0
DA:23,3
DA:32,3
DA:37,0
DA:47,3
DA:52,0
DA:60,3
DA:67,0
DA:75,3
DA:80,0
DA:95,3
LF:16
LH:10
BRDA:41,0,0,3
BRDA:41,0,1,0
BRF:2
BRH:1
end_of_record
